@I [HLS-0] Workspace /home/drichmond/examples/sparse_mm/solution1 opened at Thu Apr 07 14:55:49 PDT 2016
@I [HLS-100] Command "config_clock -quiet -name default -period 10 -default=false "
@I [SYN-201] Setting up clock 'default' with a period of 10ns.
@I [HLS-100] Command 'config_clock' returned 0; elapsed 5.1e-05Total elapsed time: 0.181 sec.
@I [HLS-100] Command "open_platform DefaultPlatform "
@I [HLS-100] Command 'open_platform' returned 0; elapsed 3.7e-05Total elapsed time: 0.181 sec.
@I [HLS-100] Command "import_lib /opt/Xilinx/Vivado_HLS/2015.4/common/technology/xilinx/virtex7/virtex7 "
@I [HLS-100] Command "source /opt/Xilinx/Vivado_HLS/2015.4/common/technology/xilinx/common/xilinx.lib "
@I [HLS-100] Command "source /opt/Xilinx/Vivado_HLS/2015.4/common/technology/xilinx/interface/xilinx_interface.lib "
@I [HLS-100] Command "source /opt/Xilinx/Vivado_HLS/2015.4/common/technology/xilinx/interface/plb46.lib "
@I [HLS-100] Command 'ap_source' returned 0; elapsed 0.000216Total elapsed time: 0.182 sec.
@I [HLS-100] Command "source /opt/Xilinx/Vivado_HLS/2015.4/common/technology/xilinx/interface/fsl.lib "
@I [HLS-100] Command 'ap_source' returned 0; elapsed 0.000103Total elapsed time: 0.182 sec.
@I [HLS-100] Command "source /opt/Xilinx/Vivado_HLS/2015.4/common/technology/xilinx/interface/axi4.lib "
@I [HLS-100] Command 'ap_source' returned 0; elapsed 0.000146Total elapsed time: 0.182 sec.
@I [HLS-100] Command "source /opt/Xilinx/Vivado_HLS/2015.4/common/technology/xilinx/interface/maxi.lib "
@I [HLS-100] Command 'ap_source' returned 0; elapsed 0.000121Total elapsed time: 0.182 sec.
@I [HLS-100] Command "source /opt/Xilinx/Vivado_HLS/2015.4/common/technology/xilinx/interface/saxilite.lib "
@I [HLS-100] Command 'ap_source' returned 0; elapsed 8.8e-05Total elapsed time: 0.183 sec.
@I [HLS-100] Command 'ap_source' returned 0; elapsed 0.000926Total elapsed time: 0.183 sec.
@I [HLS-100] Command "source /opt/Xilinx/Vivado_HLS/2015.4/common/technology/xilinx/common/dsp48.lib "
@I [HLS-100] Command 'ap_source' returned 0; elapsed 9.3e-05Total elapsed time: 0.183 sec.
@I [HLS-100] Command "source /opt/Xilinx/Vivado_HLS/2015.4/common/technology/xilinx/ip/xfft.lib "
@I [HLS-100] Command 'ap_source' returned 0; elapsed 7.1e-05Total elapsed time: 0.183 sec.
@I [HLS-100] Command "source /opt/Xilinx/Vivado_HLS/2015.4/common/technology/xilinx/ip/xfir.lib "
@I [HLS-100] Command 'ap_source' returned 0; elapsed 6e-05Total elapsed time: 0.183 sec.
@I [HLS-100] Command "source /opt/Xilinx/Vivado_HLS/2015.4/common/technology/xilinx/ip/dds_compiler.lib "
@I [HLS-100] Command 'ap_source' returned 0; elapsed 5.8e-05Total elapsed time: 0.183 sec.
@I [HLS-100] Command 'ap_source' returned 0; elapsed 0.002905Total elapsed time: 0.185 sec.
@I [HLS-100] Command "source /opt/Xilinx/Vivado_HLS/2015.4/common/technology/xilinx/common/xilinx_old.lib "
@I [HLS-100] Command 'ap_source' returned 0; elapsed 0.000548Total elapsed time: 0.186 sec.
@I [HLS-100] Command "source /opt/Xilinx/Vivado_HLS/2015.4/common/technology/xilinx/common/xilinx_vivado.lib "
@I [HLS-100] Command 'ap_source' returned 0; elapsed 0.00042Total elapsed time: 0.186 sec.
@I [HLS-100] Command "source /opt/Xilinx/Vivado_HLS/2015.4/common/technology/xilinx/common/xilinx.hlp "
@I [HLS-100] Command "source /opt/Xilinx/Vivado_HLS/2015.4/common/technology/xilinx/common/target_info.tcl "
@I [HLS-100] Command 'ap_source' returned 0; elapsed 9.8e-05Total elapsed time: 0.188 sec.
@I [HLS-100] Command "source /opt/Xilinx/Vivado_HLS/2015.4/common/technology/xilinx/interface/xilinx_interface.hlp "
@I [HLS-100] Command "source /opt/Xilinx/Vivado_HLS/2015.4/common/technology/xilinx/interface/maxi.hlp "
@I [HLS-100] Command 'ap_source' returned 0; elapsed 6.9e-05Total elapsed time: 0.188 sec.
@I [HLS-100] Command "source /opt/Xilinx/Vivado_HLS/2015.4/common/technology/xilinx/interface/saxilite.hlp "
@I [HLS-100] Command 'ap_source' returned 0; elapsed 6.9e-05Total elapsed time: 0.188 sec.
@I [HLS-100] Command 'ap_source' returned 0; elapsed 0.000244Total elapsed time: 0.188 sec.
@I [HLS-100] Command "source /opt/Xilinx/Vivado_HLS/2015.4/common/technology/xilinx/common/dsp48.hlp "
@I [HLS-100] Command 'ap_source' returned 0; elapsed 0.000403Total elapsed time: 0.189 sec.
@I [HLS-100] Command 'ap_source' returned 0; elapsed 0.001538Total elapsed time: 0.189 sec.
@I [HLS-100] Command "source /opt/Xilinx/Vivado_HLS/2015.4/common/technology/xilinx/virtex7/dsp48e1.hlp "
@I [HLS-100] Command 'ap_source' returned 0; elapsed 6.9e-05Total elapsed time: 0.190 sec.
@I [HLS-100] Command "get_default_platform "
@I [HLS-100] Command 'get_default_platform' returned 0; elapsed 4e-06Total elapsed time: 0.190 sec.
@I [HLS-100] Command "config_chip_info -quiet -resource  {SLICE 91050 } {LUT 364200 } {FF 728400 } {DSP48E 1260} {BRAM 1590}  "
@I [HLS-100] Command 'config_chip_info' returned 0; elapsed 1.3e-05Total elapsed time: 0.190 sec.
@I [HLS-100] Command "config_chip_info -quiet -speed medium "
@I [HLS-100] Command 'config_chip_info' returned 0; elapsed 4e-06Total elapsed time: 0.190 sec.
@I [HLS-100] Command 'import_lib' returned 0; elapsed 0.009203Total elapsed time: 0.191 sec.
@I [HLS-100] Command "source /opt/Xilinx/Vivado_HLS/2015.4/common/technology/xilinx/virtex7/virtex7.gen "
@I [HLS-100] Command "source /opt/Xilinx/Vivado_HLS/2015.4/common/technology/xilinx/common/virtex.gen "
@I [HLS-100] Command "source /opt/Xilinx/Vivado_HLS/2015.4/common/technology/xilinx/common/xilinx.gen "
@I [HLS-100] Command "source /opt/Xilinx/Vivado_HLS/2015.4/common/technology/xilinx/interface/plb46.gen "
@I [HLS-100] Command 'ap_source' returned 0; elapsed 0.000708Total elapsed time: 0.192 sec.
@I [HLS-100] Command "source /opt/Xilinx/Vivado_HLS/2015.4/common/technology/xilinx/interface/fsl.gen "
@I [HLS-100] Command 'ap_source' returned 0; elapsed 0.000279Total elapsed time: 0.192 sec.
@I [HLS-100] Command "source /opt/Xilinx/Vivado_HLS/2015.4/common/technology/xilinx/interface/axi4.gen "
@I [HLS-100] Command 'ap_source' returned 0; elapsed 0.001375Total elapsed time: 0.194 sec.
@I [HLS-100] Command "source /opt/Xilinx/Vivado_HLS/2015.4/common/technology/xilinx/interface/nativeAXI4.gen "
@I [HLS-100] Command "source /opt/Xilinx/Vivado_HLS/2015.4/common/technology/xilinx/interface/saxilite.gen "
@I [HLS-100] Command 'ap_source' returned 0; elapsed 0.002388Total elapsed time: 0.196 sec.
@I [HLS-100] Command "source /opt/Xilinx/Vivado_HLS/2015.4/common/technology/xilinx/interface/maxi.gen "
@I [HLS-100] Command 'ap_source' returned 0; elapsed 0.004961Total elapsed time: 0.201 sec.
@I [HLS-100] Command 'ap_source' returned 0; elapsed 0.007468Total elapsed time: 0.201 sec.
@I [HLS-100] Command "source /opt/Xilinx/Vivado_HLS/2015.4/common/technology/xilinx/scripts/xilinxcoregen.gen "
@I [HLS-100] Command 'ap_source' returned 0; elapsed 0.005621Total elapsed time: 0.207 sec.
@I [HLS-100] Command "source /opt/Xilinx/Vivado_HLS/2015.4/common/technology/xilinx/interface/XilEDKCoreGen.gen "
@I [HLS-100] Command 'ap_source' returned 0; elapsed 0.005365Total elapsed time: 0.212 sec.
@I [HLS-100] Command "source /opt/Xilinx/Vivado_HLS/2015.4/common/technology/xilinx/ip/dds_compiler.gen "
@I [HLS-100] Command 'ap_source' returned 0; elapsed 0.002172Total elapsed time: 0.214 sec.
@I [HLS-100] Command "source /opt/Xilinx/Vivado_HLS/2015.4/common/technology/xilinx/ip/xfir.gen "
@I [HLS-100] Command "source /opt/Xilinx/Vivado_HLS/2015.4/tps/tcl/tcllib1.11.1/struct/list.tcl "
@I [HLS-100] Command "source /opt/Xilinx/Vivado_HLS/2015.4/tps/tcl/tcllib1.11.1/cmdline/cmdline.tcl "
@I [HLS-100] Command 'ap_source' returned 0; elapsed 0.000501Total elapsed time: 0.225 sec.
@I [HLS-100] Command 'ap_source' returned 0; elapsed 0.001137Total elapsed time: 0.225 sec.
@I [HLS-100] Command "source /opt/Xilinx/Vivado_HLS/2015.4/tps/tcl/tcllib1.11.1/math/bignum.tcl "
@I [HLS-100] Command 'ap_source' returned 0; elapsed 0.000416Total elapsed time: 0.233 sec.
@I [HLS-100] Command 'ap_source' returned 0; elapsed 0.022767Total elapsed time: 0.237 sec.
@I [HLS-100] Command "source /opt/Xilinx/Vivado_HLS/2015.4/common/technology/xilinx/ip/xfft.gen "
@I [HLS-100] Command 'ap_source' returned 0; elapsed 0.08078Total elapsed time: 0.318 sec.
@I [HLS-100] Command "source /opt/Xilinx/Vivado_HLS/2015.4/common/technology/xilinx/ip/util.gen "
@I [HLS-100] Command 'ap_source' returned 0; elapsed 0.000138Total elapsed time: 0.318 sec.
@I [HLS-100] Command 'ap_source' returned 0; elapsed 0.12719Total elapsed time: 0.318 sec.
@I [HLS-100] Command "source /opt/Xilinx/Vivado_HLS/2015.4/common/technology/xilinx/common/dsp48.gen "
@I [HLS-100] Command 'ap_source' returned 0; elapsed 0.000122Total elapsed time: 0.319 sec.
@I [HLS-100] Command 'ap_source' returned 0; elapsed 0.128551Total elapsed time: 0.319 sec.
@I [HLS-100] Command 'ap_source' returned 0; elapsed 0.128655Total elapsed time: 0.319 sec.
@I [HLS-100] Command "open_platform DefaultPlatform "
@I [HLS-100] Command 'open_platform' returned 0; elapsed 6e-06Total elapsed time: 0.320 sec.
@I [HLS-100] Command "import_lib /opt/Xilinx/Vivado_HLS/2015.4/common/technology/xilinx/virtex7/virtex7_fpv6 "
@I [HLS-100] Command "source /opt/Xilinx/Vivado_HLS/2015.4/common/technology/xilinx/common/xilinx_fpv7.lib "
@I [HLS-100] Command "source /opt/Xilinx/Vivado_HLS/2015.4/common/technology/xilinx/common/xilinx_hp.lib "
@I [HLS-100] Command 'ap_source' returned 0; elapsed 0.000505Total elapsed time: 0.320 sec.
@I [HLS-100] Command 'ap_source' returned 0; elapsed 0.002556Total elapsed time: 0.322 sec.
@I [HLS-100] Command "source /opt/Xilinx/Vivado_HLS/2015.4/common/technology/xilinx/common/xilinx_fpv.hlp "
@I [HLS-100] Command "source /opt/Xilinx/Vivado_HLS/2015.4/common/technology/xilinx/common/xilinx.hlp "
@I [HLS-100] Command "source /opt/Xilinx/Vivado_HLS/2015.4/common/technology/xilinx/common/target_info.tcl "
@I [HLS-100] Command 'ap_source' returned 0; elapsed 0.00012Total elapsed time: 0.326 sec.
@I [HLS-100] Command "source /opt/Xilinx/Vivado_HLS/2015.4/common/technology/xilinx/interface/xilinx_interface.hlp "
@I [HLS-100] Command "source /opt/Xilinx/Vivado_HLS/2015.4/common/technology/xilinx/interface/maxi.hlp "
@I [HLS-100] Command 'ap_source' returned 0; elapsed 7.2e-05Total elapsed time: 0.326 sec.
@I [HLS-100] Command "source /opt/Xilinx/Vivado_HLS/2015.4/common/technology/xilinx/interface/saxilite.hlp "
@I [HLS-100] Command 'ap_source' returned 0; elapsed 7.2e-05Total elapsed time: 0.327 sec.
@I [HLS-100] Command 'ap_source' returned 0; elapsed 0.000249Total elapsed time: 0.327 sec.
@I [HLS-100] Command "source /opt/Xilinx/Vivado_HLS/2015.4/common/technology/xilinx/common/dsp48.hlp "
@I [HLS-100] Command 'ap_source' returned 0; elapsed 0.000392Total elapsed time: 0.327 sec.
@I [HLS-100] Command 'ap_source' returned 0; elapsed 0.001536Total elapsed time: 0.327 sec.
@I [HLS-100] Command 'ap_source' returned 0; elapsed 0.001898Total elapsed time: 0.328 sec.
@I [HLS-100] Command "source /opt/Xilinx/Vivado_HLS/2015.4/common/technology/xilinx/virtex7/virtex7_hp.hlp "
@I [HLS-100] Command 'ap_source' returned 0; elapsed 0.000572Total elapsed time: 0.328 sec.
@I [HLS-100] Command 'import_lib' returned 0; elapsed 0.011994Total elapsed time: 0.332 sec.
@I [HLS-100] Command "source /opt/Xilinx/Vivado_HLS/2015.4/common/technology/xilinx/virtex7/virtex7_fpv6.gen "
@I [HLS-100] Command "source /opt/Xilinx/Vivado_HLS/2015.4/common/technology/xilinx/common/xilinx_fpv6.gen "
@I [HLS-100] Command 'ap_source' returned 0; elapsed 0.000988Total elapsed time: 0.333 sec.
@I [HLS-100] Command 'ap_source' returned 0; elapsed 0.001086Total elapsed time: 0.333 sec.
@I [HLS-100] Command "set_part xc7vx690tffg1761-2 "
@I [HLS-100] Command "add_library xilinx/virtex7/virtex7:xc7vx690t:ffg1761:-2 "
@I [HLS-100] Command "get_default_platform "
@I [HLS-100] Command 'get_default_platform' returned 0; elapsed 5e-06Total elapsed time: 0.335 sec.
@I [HLS-100] Command "license_isbetapart xc7vx690t "
@I [HLS-100] Command 'license_isbetapart' returned 1; elapsed 0.004956Total elapsed time: 0.341 sec.
@I [HLS-100] Command "get_default_platform "
@I [HLS-100] Command 'get_default_platform' returned 0; elapsed 4e-06Total elapsed time: 0.341 sec.
@I [HLS-100] Command "config_chip_info -quiet -resource  {SLICE 108300} {LUT 433200 } {FF 866400 } {DSP48E 3600} {BRAM 2940}  "
@I [HLS-100] Command 'config_chip_info' returned 0; elapsed 1.7e-05Total elapsed time: 0.341 sec.
@I [HLS-100] Command "config_chip_info -quiet -speed medium "
@I [HLS-100] Command 'config_chip_info' returned 0; elapsed 5e-06Total elapsed time: 0.341 sec.
@I [HLS-100] Command 'add_library' returned 0; elapsed 0.006816Total elapsed time: 0.342 sec.
@I [HLS-100] Command "add_library xilinx/virtex7/virtex7_fpv6 "
@I [HLS-100] Command "get_default_platform "
@I [HLS-100] Command 'get_default_platform' returned 0; elapsed 3e-06Total elapsed time: 0.342 sec.
@I [HLS-100] Command 'add_library' returned 0; elapsed 0.00091Total elapsed time: 0.343 sec.
@I [HLS-10] Setting target device to 'xc7vx690tffg1761-2'
@I [HLS-100] Command 'set_part' returned 0; elapsed 0.009681Total elapsed time: 0.343 sec.
@I [HLS-100] Command "get_default_platform "
@I [HLS-100] Command 'get_default_platform' returned 0; elapsed 3e-06Total elapsed time: 0.343 sec.
@I [HLS-100] Command "config_chip_info -quiet -resource  {SLICE 108300} {LUT 433200 } {FF 866400 } {DSP48E 3600} {BRAM 2940}  "
@I [HLS-100] Command 'config_chip_info' returned 0; elapsed 7e-06Total elapsed time: 0.343 sec.
@I [HLS-100] Command "config_chip_info -quiet -speed medium "
@I [HLS-100] Command 'config_chip_info' returned 0; elapsed 3e-06Total elapsed time: 0.343 sec.
@I [HLS-100] Command 'open_solution' returned 0; elapsed 0.165611Total elapsed time: 0.343 sec.
@I [HLS-100] Command "set_part xc7vx690tffg1761-2 "
@I [HLS-100] Command "add_library xilinx/virtex7/virtex7:xc7vx690t:ffg1761:-2 "
@I [HLS-100] Command "get_default_platform "
@I [HLS-100] Command 'get_default_platform' returned 0; elapsed 3e-06Total elapsed time: 0.345 sec.
@I [HLS-100] Command "license_isbetapart xc7vx690t "
@I [HLS-100] Command 'license_isbetapart' returned 1; elapsed 1.8e-05Total elapsed time: 0.345 sec.
@I [HLS-100] Command "get_default_platform "
@I [HLS-100] Command 'get_default_platform' returned 0; elapsed 4e-06Total elapsed time: 0.345 sec.
@I [HLS-100] Command "config_chip_info -quiet -resource  {SLICE 108300} {LUT 433200 } {FF 866400 } {DSP48E 3600} {BRAM 2940}  "
@I [HLS-100] Command 'config_chip_info' returned 0; elapsed 8e-06Total elapsed time: 0.345 sec.
@I [HLS-100] Command "config_chip_info -quiet -speed medium "
@I [HLS-100] Command 'config_chip_info' returned 0; elapsed 3e-06Total elapsed time: 0.345 sec.
@I [HLS-100] Command 'add_library' returned 0; elapsed 0.001486Total elapsed time: 0.346 sec.
@I [HLS-100] Command "add_library xilinx/virtex7/virtex7_fpv6 "
@I [HLS-100] Command "get_default_platform "
@I [HLS-100] Command 'get_default_platform' returned 0; elapsed 3e-06Total elapsed time: 0.346 sec.
@I [HLS-100] Command 'add_library' returned 0; elapsed 0.00087Total elapsed time: 0.347 sec.
@I [HLS-100] Command 'set_part' returned 0; elapsed 0.003328Total elapsed time: 0.347 sec.
@I [HLS-100] Command "create_clock -period 10 -name default "
@I [HLS-100] Command "config_clock -quiet -name default -period 10 -default=false "
@I [SYN-201] Setting up clock 'default' with a period of 10ns.
@I [HLS-100] Command 'config_clock' returned 0; elapsed 4.4e-05Total elapsed time: 0.347 sec.
@I [HLS-100] Command 'create_clock' returned 0; elapsed 0.000765Total elapsed time: 0.347 sec.
@I [HLS-100] Command "csynth_design "
@I [HLS-100] Command "elaborate -effort=medium -skip_syncheck=0 -keep_printf=0 -lm=0 -skip_cdt=0 -skip_transform=0 -ng=0 -g=0 -opt_fp=0 "
@I [HLS-10] Analyzing design file 'sparse_mm.cpp' ... 
@0 [HLS-0] Analyzing design file 'sparse_mm.cpp' ... 
@I [HLS-0] Compiling one TU...
@I [HLS-0] 
Checking before pre-process: exec clang -fno-limit-debug-info -gcc-toolchain "/opt/Xilinx/Vivado_HLS/2015.4/lnx64/tools/gcc" -hls    -fno-math-errno -c -emit-llvm -O0  -mllvm -disable-llvm-optzns -fno-threadsafe-statics  -fno-use-cxa-atexit  -fno-threadsafe-statics -fno-use-cxa-atexit   -I "/opt/Xilinx/Vivado_HLS/2015.4/lnx64/tools/systemc/include" -I "/opt/Xilinx/Vivado_HLS/2015.4/include" -I "/opt/Xilinx/Vivado_HLS/2015.4/include/ap_sysc" -fexceptions -I "/opt/Xilinx/Vivado_HLS/2015.4/common/technology/autopilot" -include etc/autopilot_ssdm_op.h "sparse_mm.cpp"  -o "/home/drichmond/examples/sparse_mm/solution1/.autopilot/db/sparse_mm.pp.00.o"

@I [HLS-100] Command "is_encrypted /home/drichmond/examples/sparse_mm/solution1/.autopilot/db/sparse_mm.pp.00.o "
@I [HLS-100] Command 'is_encrypted' returned 0; elapsed 6.5e-05Total elapsed time: 0.400 sec.
@I [HLS-0] Syntax Checker time: 0 seconds per iteration
@I [HLS-0] 
Source preprocessing: exec clang -fno-limit-debug-info -gcc-toolchain "/opt/Xilinx/Vivado_HLS/2015.4/lnx64/tools/gcc" -hls -fno-exceptions  -D__llvm__  -CC -E "sparse_mm.cpp"     -fno-math-errno -c -emit-llvm -O0  -mllvm -disable-llvm-optzns -fno-threadsafe-statics  -fno-use-cxa-atexit  -fno-threadsafe-statics -fno-use-cxa-atexit -DAESL_SYN -D__SYNTHESIS__ -D__HLS_SYN__ -I "/opt/Xilinx/Vivado_HLS/2015.4/common/technology/autopilot" -I "/opt/Xilinx/Vivado_HLS/2015.4/common/technology/autopilot/ap_sysc" -include etc/autopilot_ssdm_op.h  -o "/home/drichmond/examples/sparse_mm/solution1/.autopilot/db/sparse_mm.pp.0.cpp"

@I [HLS-0] GCC PP time: 0 seconds per iteration
@I [HLS-100] Command "list_core -type functional_unit "
@I [HLS-100] Command 'list_core' returned 0; elapsed 0.000162Total elapsed time: 0.448 sec.
@I [HLS-0] Marker-Pragma convertor: /home/drichmond/examples/sparse_mm/solution1/.autopilot/db/sparse_mm.pp.0.cpp /home/drichmond/examples/sparse_mm/solution1/.autopilot/db/sparse_mm.pp.0.cpp.ap-line.cpp /home/drichmond/examples/sparse_mm/solution1/.autopilot/db/sparse_mm.pp.0.cpp.ap-line.cpp.CXX 1
@I [HLS-0] 
Source processor: exec /opt/Xilinx/Vivado_HLS/2015.4/tps/lnx64/jre/bin/java -Xmx512m -classpath   "/opt/Xilinx/Vivado_HLS/2015.4/lib/classes/autopilot.sourceprocessor.jar:/opt/Xilinx/Vivado_HLS/2015.4/lib/classes/org.eclipse.cdt.core_5.3.0.xilinx_patch.jar:/opt/Xilinx/Vivado_HLS/2015.4/lib/classes/org.eclipse.core.runtime_3.7.0.v20110110.jar:/opt/Xilinx/Vivado_HLS/2015.4/lib/classes/org.eclipse.equinox.common_3.6.0.v20110523.jar:/opt/Xilinx/Vivado_HLS/2015.4/lib/classes/com.ibm.icu_4.4.2.v20110208.jar:/opt/Xilinx/Vivado_HLS/2015.4/lib/classes/jargs.jar:/opt/Xilinx/Vivado_HLS/2015.4/lnx64/tools/eclipse/plugins/org.eclipse.emf.common_2.10.1.v20150123-0348.jar:/opt/Xilinx/Vivado_HLS/2015.4/lnx64/tools/eclipse/plugins/org.eclipse.emf.ecore_2.10.2.v20150123-0348.jar:/opt/Xilinx/Vivado_HLS/2015.4/lnx64/tools/eclipse/plugins/org.eclipse.emf.ecore.xmi_2.10.2.v20150123-0348.jar:/opt/Xilinx/Vivado_HLS/2015.4/lnx64/tools/eclipse/plugins/com.autoesl.autopilot.ui.directiveFileModel_1.0.0.jar:/opt/Xilinx/Vivado_HLS/2015.4/lnx64/tools/eclipse/plugins/com.autoesl.autopilot.ui.common_1.0.0.jar"  autopilot.sourceprocessor.CParser  "/home/drichmond/examples/sparse_mm/solution1/.autopilot/db/sparse_mm.pp.0.cpp.ap-line.cpp"  -m "sparse_mm" -o "/home/drichmond/examples/sparse_mm/solution1/.autopilot/db/sparse_mm.pp.0.cpp.ap-cdt.cpp" --pp --directive /home/drichmond/examples/sparse_mm/solution1/solution1.directive --source /home/drichmond/examples/sparse_mm.cpp --error /home/drichmond/examples/sparse_mm/solution1/.autopilot/db --funcunit "AddSub AddSub_DSP AddSubnS DAddSub_fulldsp DAddSub_nodsp DDiv DExp_fulldsp DExp_meddsp DExp_nodsp DLog_fulldsp DLog_meddsp DLog_nodsp DMul_fulldsp DMul_maxdsp DMul_meddsp DMul_nodsp DRSqrt DRecip DSqrt DivnS FAddSub_fulldsp FAddSub_nodsp FDiv FExp_fulldsp FExp_meddsp FExp_nodsp FLog_fulldsp FLog_meddsp FLog_nodsp FMul_fulldsp FMul_maxdsp FMul_meddsp FMul_nodsp FRSqrt_fulldsp FRSqrt_nodsp FRecip_fulldsp FRecip_nodsp FSqrt HAddSub_nodsp HDiv HMul_fulldsp HMul_maxdsp HMul_nodsp HSqrt Mul Mul2S Mul3S Mul4S Mul5S Mul6S Mul_LUT MulnS MuxnS" --ve --vetcl /home/drichmond/examples/sparse_mm/solution1/.autopilot/db --ca --es --gf --df --pd --p2d /home/drichmond/examples/sparse_mm/solution1/.autopilot/db --sd --scff /home/drichmond/examples/sparse_mm/solution1/.autopilot/db/.systemc_flag --ad

@I [HLS-0] Marker-Pragma convertor: /home/drichmond/examples/sparse_mm/solution1/.autopilot/db/sparse_mm.pp.0.cpp.ap-cdt.cpp /home/drichmond/examples/sparse_mm/solution1/.autopilot/db/sparse_mm.pragma.0.cpp /home/drichmond/examples/sparse_mm/solution1/.autopilot/db/sparse_mm.pragma.0.cpp.ap-line.CXX 0
@I [HLS-100] Command "source /home/drichmond/examples/sparse_mm/solution1/.autopilot/db/pragma.status.tcl "
@I [HLS-100] Command 'ap_source' returned 0; elapsed 6.6e-05Total elapsed time: 1.75 sec.
@I [HLS-0] CDT processor time: 0 seconds per iteration
@I [HLS-0] Pragma handling time: 0 seconds per iteration
@I [HLS-0] 
Source preprocessing: exec clang -fno-limit-debug-info -gcc-toolchain "/opt/Xilinx/Vivado_HLS/2015.4/lnx64/tools/gcc" -hls -fno-exceptions  -D__llvm__  -CC -E "/home/drichmond/examples/sparse_mm/solution1/.autopilot/db/sparse_mm.pragma.1.cpp"     -fno-math-errno -c -emit-llvm -O0  -mllvm -disable-llvm-optzns -fno-threadsafe-statics  -fno-use-cxa-atexit  -fno-threadsafe-statics -fno-use-cxa-atexit -DAESL_SYN -D__SYNTHESIS__ -D__HLS_SYN__ -I "/opt/Xilinx/Vivado_HLS/2015.4/common/technology/autopilot" -I "/opt/Xilinx/Vivado_HLS/2015.4/common/technology/autopilot/ap_sysc" -include etc/autopilot_ssdm_op.h  -o "/home/drichmond/examples/sparse_mm/solution1/.autopilot/db/sparse_mm.pragma.2.cpp"

@I [HLS-0] exec clang -fno-limit-debug-info -gcc-toolchain /opt/Xilinx/Vivado_HLS/2015.4/lnx64/tools/gcc -hls -hls-analyze-label -hls-analyze-pragma -fno-exceptions  -D__llvm__  -w  "/home/drichmond/examples/sparse_mm/solution1/.autopilot/db/sparse_mm.pragma.2.cpp"    -fno-math-errno -c -emit-llvm -O0  -mllvm -disable-llvm-optzns -fno-threadsafe-statics  -fno-use-cxa-atexit -DAESL_SYN -D__SYNTHESIS__ -D__HLS_SYN__ -I "/opt/Xilinx/Vivado_HLS/2015.4/common/technology/autopilot" -I "/opt/Xilinx/Vivado_HLS/2015.4/common/technology/autopilot/ap_sysc" -include etc/autopilot_ssdm_op.h -g -o "/home/drichmond/examples/sparse_mm/solution1/.autopilot/db/sparse_mm.g.bc"
@I [HLS-100] Command "source /home/drichmond/examples/sparse_mm/solution1/.autopilot/db/ve_warning.tcl "
@I [HLS-100] Command 'ap_source' returned 0; elapsed 0.000166Total elapsed time: 1.185 sec.
@I [HLS-10] Validating synthesis directives ...
@0 [HLS-0] Validating synthesis directives ...
@I [HLS-100] Command "source /home/drichmond/examples/sparse_mm/solution1/.autopilot/db/pragma.status.tcl "
@I [HLS-100] Command 'ap_source' returned 0; elapsed 5.3e-05Total elapsed time: 1.186 sec.
@I [HLS-0] Linking all ...
@I [HLS-0] exec llvm-ld  "/home/drichmond/examples/sparse_mm/solution1/.autopilot/db/sparse_mm.bc"  -disable-opt  -L/opt/Xilinx/Vivado_HLS/2015.4/lnx64/lib -lm_basic -o "/home/drichmond/examples/sparse_mm/solution1/.autopilot/db/a.o.pre"
@I [HLS-0] Link time: 0 seconds per iteration
@I [HLS-0] Linking all ...
@I [HLS-0] exec llvm-ld  "/home/drichmond/examples/sparse_mm/solution1/.autopilot/db/sparse_mm.g.bc"  -disable-opt  -L/opt/Xilinx/Vivado_HLS/2015.4/lnx64/lib -lm_basic -o "/home/drichmond/examples/sparse_mm/solution1/.autopilot/db/a.g.pre"
@I [HLS-0] Link time: 0 seconds per iteration
@I [HLS-100] Command "opt_and_import_c a -opt_level=2 -skip_syncheck=0 -ng=0 -keep_printf=0 "
@I [HLS-100] Command "cleanup_all_models "
@I [HLS-100] Command 'cleanup_all_models' returned 0; elapsed 2.3e-05Total elapsed time: 1.276 sec.
@I [HLS-10] Starting code transformations ...
@0 [HLS-0] Starting code transformations ...
@I [HLS-0] std xform: transform -hls -share-std-xform -always-inline -promote-dbg-pointer  -interface-preproc  -scalarrepl -mem2reg -keep-read-access -instcombine -dce  -promote-dbg-pointer  -bitop-raise  -indvars -loop-simplify -xunroll  -constprop -instcombine -simplifycfg -indvars  -simplifycfg -dce -globaldce  -basicaa  -simplifycfg -mem2reg -globalopt  -global-constprop -deadargelim -instcombine -simplifycfg  -prune-eh -simplifycfg  -scalarrepl -instcombine -reassociate -licm  -simplifycfg -loop-simplify -indvars -instcombine  -simplifycfg -mem2reg -loop-simplify -indvars -instcombine  -gvn -gvn -instcombine -adce  -break-crit-edges  -simplifycfg -loop-delete  -global-array-opt -dce -dse -adce  -find-syn-modules -top sparse_mm  -deadargelim  -mem2reg -instcombine -dce  -presyn-prepare -auto-rom-infer  -interface-preproc  -syn-check -check-rec-only  -find-region -simplifycfg -func-extr -function-inline  -globaldce -mem2reg -instcombine -dce   -gvn -globaldce -adce -adse  -constprop -instcombine -bit-constprop  -instcombine -dce -simplifycfg -bitop-raise  -simplifycfg -dce -loop-delete -reassociate  -globalopt -global-privatize -mem2reg -dce  -global-constprop -pointer-simplify -constprop -dce  -func-inst -deadargelim  -promote-dbg-pointer  -norm-name   /home/drichmond/examples/sparse_mm/solution1/.autopilot/db/a.g.0.bc -o /home/drichmond/examples/sparse_mm/solution1/.autopilot/db/a.g.1.bc -f  -phase std-opt
@I [HLS-0] Std xform time: 0 seconds per iteration
@I [HLS-100] Command "is_encrypted /home/drichmond/examples/sparse_mm/solution1/.autopilot/db/a.g.1.bc "
@I [HLS-100] Command 'is_encrypted' returned 0; elapsed 3.6e-05Total elapsed time: 1.322 sec.
@I [HLS-10] Checking synthesizability ...
@0 [HLS-0] Checking synthesizability ...
@I [HLS-0] syn check 1/2: transform -hls -syn-check -check-rec-only -disaggr -scalarrepl -norm-name -dce  -mem2reg -instcombine  -function-uniquify -directive-preproc -mem2reg -dse -dce -auto-rom-infer -dce  -array-normalize -instcombine -dce  -array-seg-normalize -instcombine -dce  -array-flatten -instcombine -dce  -array-burst -dce  -deadargelim -promote-global-argument  -function-inline -globaldce -dce  -doublePtrSimplify -doublePtrElim -dce  -doublePtrSimplify -promote-dbg-pointer  -dce -scalarrepl -dse -adse -instcombine  -ptrLegalization  -simplifycfg -dce -instcombine  -pointer-simplify -ptrArgReplace -dce -instcombine   -disaggr -scalarrepl -norm-name -dce  -mem2reg -instcombine -ptrLegalization   -simplifycfg -deadargelim  -instcombine -dce -inst-simplify  -function-uniquify -directive-preproc -mem2reg -dse -dce  -globaldce    /home/drichmond/examples/sparse_mm/solution1/.autopilot/db/a.g.1.bc -o /home/drichmond/examples/sparse_mm/solution1/.autopilot/db/a.g.2.prechk.bc -f
@I [HLS-0] Syn check 1/2 time: 0 seconds per iteration
@I [HLS-0] syn check 2/2: transform -syn-check   /home/drichmond/examples/sparse_mm/solution1/.autopilot/db/a.g.2.prechk.bc -o /home/drichmond/examples/sparse_mm/solution1/.autopilot/db/a.g.2.bc -f  -phase syn-check
@I [HLS-0] Syn check 2/2 time: 0 seconds per iteration
@I [HLS-0] Compiler optimizing ...
@I [HLS-0] Share syncheck's 1.bc for syn flow: copy /home/drichmond/examples/sparse_mm/solution1/.autopilot/db/a.g.1.bc to /home/drichmond/examples/sparse_mm/solution1/.autopilot/db/a.o.1.bc
@I [HLS-0] presyn 1: transform -hls -tmp /home/drichmond/examples/sparse_mm/solution1/.autopilot/db -type-info  -function-uniquify -directive-preproc -mem2reg -dse -dce  -disaggr -scalarrepl -norm-name -deadargelim  -mem2reg -instcombine -dce -auto-rom-infer -dce -function-uniquify  -resource-proc  -clib-intrinsic-prepare -dce  -func-buffer -dce -array-normalize  -func-legal -instcombine -gvn -constprop -dce   -ptrArgReplace -mem2reg -instcombine -dce  -array-seg-normalize -deadargelim  -instcombine -dce  -pointer-simplify -dce  -port-alignment -dce  -interface-preproc  -data-pack -instcombine -dce   -basicaa -aggr-aa -aggrmodref-aa -aggr-aa -gvn -gvn  -basicaa -aggr-aa -aggrmodref-aa -aggr-aa -dse -adse -adce  -loop-simplify -indvars -instcombine  -gvn -loop-simplify -mem2reg -dce -simplifycfg  -find-region -instcombine  -auto-loop-pipeline  -inst-simplify  -interface-preproc  -indvars -auto-loop-unroll -loop-simplify -loop-bound -xunroll  -constprop -instcombine -simplifycfg -indvars  -simplifycfg -dce -globaldce  -attach-range  -gvn -inst-simplify  -constprop -simplifycfg -dce  -pointer-simplify -dce  -globalopt -constprop -dce  -array-promote -constprop -instcombine -dce  -ptrArgReplace -mem2reg  -instcombine -simplifycfg -dce  -auto-par -instcombine -dce  -array-transform-check  -array-reshape -instcombine -simplifycfg -dce  -ptrArgReplace -deadargelim -mem2reg  -instcombine -simplifycfg -dce   -duplicate-dataflow-processes -globaldce  -array-partition -instcombine -simplifycfg -dce  -ptrArgReplace -global-constprop -deadargelim -mem2reg  -func-legal -instcombine -dce -global-constprop -deadargelim -mem2reg  -instcombine -simplifycfg -dce   -globalopt -constprop -dce  -array-promote -constprop -instcombine -dce  -ptrArgReplace -mem2reg  -instcombine -simplifycfg -dce   -mem-intrinsic-preproc -dce  -global-privatize  -mem2reg -globaldce  -promote-global-argument  -ptrArgReplace -mem2reg -instcombine -dce  -globalopt -mergereturn -simplify-global-access -mem2reg -dce  -pointer-simplify -dce  -functionattrs  -basicaa -aggr-aa -aggrmodref-aa -aggr-aa -gvn -gvn  -basicaa -aggr-aa -aggrmodref-aa -aggr-aa -dse -adse -adce  -inst-simplify -dce -norm-name  -function-inline -globaldce  -func-inst -constprop -instcombine -simplifycfg -dce  -func-legal -dce   -loop-bound  -arraycheck -bitwidthmin -on-by-dataflow  -loop-delete -instcombine -simplifycfg  -globaldce -dce -gvn -deadargelim -dce -loop-simplify -clean-region -simplifycfg -propagate-stable-arguments  -loop-stream -instcombine -simplifycfg -dce -globaldce  -stream-intrinsic-preproc -dce  -check-ap-stream -loop-simplify -eliminate-keepreads  -extract-dataflow-in-loop -loop-simplify -dce -gvn -deadargelim  -check-dataflow-syntax  -legalize-stream-variable -legalize-global -legalize-global-1  -extract-subproc -dce -dead-channel-elimination  -canonicalize-gep -globaldce -dce -gvn -deadargelim  -scalar-propagation -deadargelim -globaldce -mem2reg  -check-dataflow-channels -function-stream -dce -globaldce  -prop-fifo-spec -internal-stream-gen  -canonicalize-gep -globaldce -dce -gvn -deadargelim   -mergereturn -indvars -loop-simplify  -array-stream -instcombine -simplifycfg -dce  -bundle-memfifo-ops -deadargelim    -function-uniquify -directive-preproc -mem2reg -dse -dce  -group-axi-access    -licm -simplifycfg -dce -loop-delete  -norm-name  /home/drichmond/examples/sparse_mm/solution1/.autopilot/db/a.o.1.bc -o /home/drichmond/examples/sparse_mm/solution1/.autopilot/db/a.o.1.tmp.bc -f
@I [HLS-0] Presyn 1 time: 0 seconds per iteration
@I [HLS-0] presyn 2: transform -hls -keep-callgraph -scalarrepl -mem2reg  -port-alignment -attach-range -dce  -pipe-mux-gen  -indvars -loop-bound  -inst-simplify -instcombine -dce  -merge-array-access -mem2reg -dce  -clean-region -mergereturn -if-conv  -instcombine -dce -constprop  -basicaa -aggr-aa -aggrmodref-aa -aggr-aa -gvn -gvn  -basicaa -aggr-aa -aggrmodref-aa -aggr-aa -dse -adse -adce  -scalarrepl -mem2reg  -global-constprop -deadargelim -deadargelim  -instcombine -dce -simplifycfg    -ptrArgReplace -mem2reg -function-inline  -globaldce -mem2reg -instcombine -dce -expr-balance  -instcombine -dce  -bitwidthmin  -directive-preproc  -inst-rectify -instcombine -dce  -functionattrs  -constprop -instcombine -bit-constprop  -simplify-global-access  -globalopt -globaldce  -inst-simplify -instcombine -elimdeaddata -dce  -loop-delete -simplifycfg   -norm-name /home/drichmond/examples/sparse_mm/solution1/.autopilot/db/a.o.1.tmp.bc -o /home/drichmond/examples/sparse_mm/solution1/.autopilot/db/a.o.2.bc -f  -phase presyn
@I [HLS-0] Presyn 2 time: 0 seconds per iteration
@I [HLS-100] Command "is_encrypted /home/drichmond/examples/sparse_mm/solution1/.autopilot/db/a.o.2.bc "
@I [HLS-100] Command 'is_encrypted' returned 0; elapsed 6.4e-05Total elapsed time: 1.428 sec.
@I [HLS-0] build ssdm: transform -hls  -function-uniquify -auto-function-inline -globaldce  -ptrArgReplace -mem2reg -instcombine -dce  -reset-lda  -loop-simplify -indvars -licm -loop-dep  -loop-bound -licm -loop-simplify -flattenloopnest  -array-flatten -gvn -instcombine -dce  -array-map -dce -func-legal  -gvn -adce -instcombine -cfgopt -simplifycfg -loop-simplify   -array-burst -promote-global-argument -dce  -axi4-lower -array-seg-normalize  -basicaa -aggrmodref-aa -globalsmodref-aa -aggr-aa -gvn -gvn  -basicaa -aggrmodref-aa -globalsmodref-aa -aggr-aa -dse -adse -adce -licm  -inst-simplify -dce  -globaldce -array-stream -eliminate-keepreads -instcombine  -dce   -deadargelim -doublePtrSimplify  -doublePtrElim -dce -doublePtrSimplify -promote-dbg-pointer  -dce -scalarrepl -mem2reg -disaggr -norm-name -mem2reg  -instcombine  -dse -adse -adce -ptrLegalization -dce -auto-rom-infer -array-flatten -dce -instcombine  -loop-rot -constprop -cfgopt -simplifycfg -loop-simplify -indvars -pointer-simplify -dce -loop-bound  -loop-simplify -loop-preproc  -constprop -global-constprop -gvn -mem2reg -instcombine -dce  -loop-merge -dce  -bitwidthmin  -deadargelim -dce  -scalar-propagation -deadargelim -globaldce -mem2reg  -interface-preproc -interface-gen  -deadargelim -directive-preproc -inst-simplify -dce  -gvn -mem2reg -instcombine -dce -adse  -loop-bound  -instcombine -cfgopt -simplifycfg -loop-simplify  -clean-region -io-protocol  -find-region -mem2reg  -bitop-raise  -inst-simplify -inst-rectify -instcombine -adce -deadargelim  -loop-simplify -phi-opt -bitop-raise  -cfgopt -simplifycfg -strip-dead-prototypes  -interface-lower -bitop-lower -intrinsic-lower -auto-function-inline  -basicaa -aggrmodref-aa -globalsmodref-aa -aggr-aa  -inst-simplify -simplifycfg   -mergereturn -inst-simplify -inst-rectify  -dce -bitop-lower  -loop-rewind -pointer-simplify -dce -cfgopt  -read-loop-dep -dce -bitwidth -norm-name -legalize    -cdfg-build  /home/drichmond/examples/sparse_mm/solution1/.autopilot/db/a.o.2.bc -o /home/drichmond/examples/sparse_mm/solution1/.autopilot/db/a.o.3.bc -f  -phase build-ssdm
@I [HLS-0] Build ssdm time: 0 seconds per iteration
@I [HLS-100] Command "is_encrypted /home/drichmond/examples/sparse_mm/solution1/.autopilot/db/a.o.3.bc "
@I [HLS-100] Command 'is_encrypted' returned 0; elapsed 9.2e-05Total elapsed time: 1.514 sec.
@I [HLS-0] Finish building internal data model.
@I [HLS-100] Command 'opt_and_import_c' returned 0; elapsed 0.169396Total elapsed time: 1.537 sec.
@I [HLS-111] Elapsed time: 0.551628 seconds; current memory usage: 55.1 MB.
@I [HLS-100] Command 'elaborate' returned 0; elapsed 0.203954Total elapsed time: 1.537 sec.
@I [HLS-100] Command "autosyn "
@I [HLS-10] Starting hardware synthesis ...
@0 [HLS-0] Starting hardware synthesis ...
@I [HLS-0] Synthesizing C/C++ design ...
@I [HLS-10] Synthesizing 'sparse_mm' ...
@0 [HLS-0] Synthesizing 'sparse_mm' ...
@I [HLS-100] Command "ap_set_top_model sparse_mm "
@I [HLS-100] Command 'ap_set_top_model' returned 0; elapsed 4.6e-05Total elapsed time: 1.538 sec.
@I [HLS-100] Command "get_model_list sparse_mm -filter all-wo-channel -topdown "
@I [HLS-100] Command 'get_model_list' returned 0; elapsed 7.2e-05Total elapsed time: 1.538 sec.
@I [HLS-100] Command "preproc_iomode -model sparse_mm "
@I [HLS-100] Command 'preproc_iomode' returned 0; elapsed 0.00018Total elapsed time: 1.539 sec.
@I [HLS-100] Command "get_model_list sparse_mm -filter all-wo-channel "
@I [HLS-100] Command 'get_model_list' returned 0; elapsed 2.6e-05Total elapsed time: 1.539 sec.
@I [HLS-0] Model list for configure: sparse_mm
@I [HLS-0] Configuring Module : sparse_mm ...
@I [HLS-100] Command "set_default_model sparse_mm "
@I [HLS-100] Command 'set_default_model' returned 0; elapsed 3.3e-05Total elapsed time: 1.540 sec.
@I [HLS-100] Command "apply_spec_resource_limit sparse_mm "
@I [HLS-100] Command 'apply_spec_resource_limit' returned 0; elapsed 2.5e-05Total elapsed time: 1.540 sec.
@I [HLS-0] Model list for preprocess: sparse_mm
@I [HLS-0] Preprocessing Module: sparse_mm ...
@I [HLS-100] Command "set_default_model sparse_mm "
@I [HLS-100] Command 'set_default_model' returned 0; elapsed 1.9e-05Total elapsed time: 1.540 sec.
@I [HLS-100] Command "cdfg_preprocess -model sparse_mm "
@I [HLS-100] Command 'cdfg_preprocess' returned 0; elapsed 0.000611Total elapsed time: 1.541 sec.
@I [HLS-100] Command "rtl_gen_preprocess sparse_mm "
@I [HLS-100] Command 'rtl_gen_preprocess' returned 0; elapsed 0.001569Total elapsed time: 1.542 sec.
@I [HLS-0] Model list for synthesis: sparse_mm
@I [HLS-10] ----------------------------------------------------------------
@0 [HLS-0] ----------------------------------------------------------------
@I [HLS-10] -- Scheduling module 'sparse_mm' 
@0 [HLS-0] -- Scheduling module 'sparse_mm' 
@I [HLS-10] ----------------------------------------------------------------
@0 [HLS-0] ----------------------------------------------------------------
@I [HLS-100] Command "set_default_model sparse_mm "
@I [HLS-100] Command 'set_default_model' returned 0; elapsed 7e-06Total elapsed time: 1.543 sec.
@I [HLS-100] Command "schedule -model sparse_mm "
@I [SCHED-11] Starting scheduling ...
@I [SCHED-11] Finished scheduling.
@I [HLS-100] Command 'schedule' returned 0; elapsed 0.061984Total elapsed time: 1.605 sec.
@I [HLS-111] Elapsed time: 0.068002 seconds; current memory usage: 55.8 MB.
@I [HLS-100] Command "report -o /home/drichmond/examples/sparse_mm/solution1/.autopilot/db/sparse_mm.verbose.sched.rpt -verbose -f "
@I [HLS-100] Command 'report' returned 0; elapsed 0.001306Total elapsed time: 1.607 sec.
@I [HLS-100] Command "db_write -o /home/drichmond/examples/sparse_mm/solution1/.autopilot/db/sparse_mm.sched.adb -f "
@I [HLS-100] Command 'db_write' returned 0; elapsed 0.002204Total elapsed time: 1.609 sec.
@I [HLS-0] Finish scheduling sparse_mm.
@I [HLS-10] ----------------------------------------------------------------
@0 [HLS-0] ----------------------------------------------------------------
@I [HLS-10] -- Exploring micro-architecture for module 'sparse_mm' 
@0 [HLS-0] -- Exploring micro-architecture for module 'sparse_mm' 
@I [HLS-10] ----------------------------------------------------------------
@0 [HLS-0] ----------------------------------------------------------------
@I [HLS-100] Command "set_default_model sparse_mm "
@I [HLS-100] Command 'set_default_model' returned 0; elapsed 1e-05Total elapsed time: 1.609 sec.
@I [HLS-100] Command "bind -model sparse_mm "
@I [BIND-110] clear=
@I [BIND-110] debug=
@I [BIND-110] drf=
@I [BIND-110] effort=
@I [BIND-110] fast_refine=
@I [BIND-110] fu_weight=[ 0.0 -- 1.0 ]
@I [BIND-110] global_opt=
@I [BIND-110] gsearch=
@I [BIND-110] help=
@I [BIND-110] help-hidden=
@I [BIND-110] min_mem_port=
@I [BIND-110] min_op=
@I [BIND-110] minreg=
@I [BIND-110] ml=
@I [BIND-110] model=sparse_mm
@I [BIND-110] no_false_path=
@I [BIND-110] no_min_op=
@I [BIND-110] normalize=
@I [BIND-110] quiet=
@I [BIND-110] refine=
@I [BIND-110] reg_weight=[ 0.0 -- 1.0 ]
@I [BIND-110] search=
@I [BIND-110] tight_delay=
@I [BIND-110] verbose=
@I [BIND-110] wFF=
@I [BIND-110] wFU=
@I [BIND-110] wMUX=
@I [BIND-110] wNET=
@I [BIND-100] Starting micro-architecture generation ...
@I [BIND-101] Performing variable lifetime analysis.
@I [BIND-101] Exploring resource sharing.
@I [BIND-101] Binding ...
@I [BIND-100] Finished micro-architecture generation.
@I [HLS-100] Command 'bind' returned 0; elapsed 0.010281Total elapsed time: 1.620 sec.
@I [HLS-111] Elapsed time: 0.014436 seconds; current memory usage: 56 MB.
@I [HLS-100] Command "report -o /home/drichmond/examples/sparse_mm/solution1/.autopilot/db/sparse_mm.verbose.bind.rpt -verbose -f "
@I [HLS-100] Command 'report' returned 0; elapsed 0.024411Total elapsed time: 1.644 sec.
@I [HLS-100] Command "db_write -o /home/drichmond/examples/sparse_mm/solution1/.autopilot/db/sparse_mm.bind.adb -f "
@I [HLS-100] Command 'db_write' returned 0; elapsed 0.003028Total elapsed time: 1.647 sec.
@I [HLS-0] Finish binding sparse_mm.
@I [HLS-100] Command "get_model_list sparse_mm -filter all-wo-channel "
@I [HLS-100] Command 'get_model_list' returned 0; elapsed 1.5e-05Total elapsed time: 1.647 sec.
@I [HLS-0] Preprocessing for RTLGen ...
@I [HLS-100] Command "rtl_gen_preprocess sparse_mm "
@I [HLS-100] Command 'rtl_gen_preprocess' returned 0; elapsed 0.000392Total elapsed time: 1.648 sec.
@I [HLS-0] Model list for RTL generation: sparse_mm
@I [HLS-10] ----------------------------------------------------------------
@0 [HLS-0] ----------------------------------------------------------------
@I [HLS-10] -- Generating RTL for module 'sparse_mm' 
@0 [HLS-0] -- Generating RTL for module 'sparse_mm' 
@I [HLS-10] ----------------------------------------------------------------
@0 [HLS-0] ----------------------------------------------------------------
@I [HLS-100] Command "create_rtl_model sparse_mm -vendor xilinx -mg_file /home/drichmond/examples/sparse_mm/solution1/.autopilot/db/sparse_mm.compgen.tcl "
@I [RTGEN-500] Setting interface mode on port 'sparse_mm/a' to 'ap_memory'.
@I [RTGEN-500] Setting interface mode on port 'sparse_mm/a_y' to 'ap_none'.
@I [RTGEN-500] Setting interface mode on port 'sparse_mm/a_x' to 'ap_none'.
@I [RTGEN-500] Setting interface mode on port 'sparse_mm/b' to 'ap_memory'.
@I [RTGEN-500] Setting interface mode on port 'sparse_mm/b_y' to 'ap_none'.
@I [RTGEN-500] Setting interface mode on port 'sparse_mm/b_x' to 'ap_none'.
@I [RTGEN-500] Setting interface mode on port 'sparse_mm/c' to 'ap_memory'.
@I [RTGEN-500] Setting interface mode on function 'sparse_mm' to 'ap_ctrl_hs'.
@W [RTGEN-101] Port 'sparse_mm/a_x' has no fanin or fanout and is left dangling.
               Please use C simulation to confirm this function argument can be read from or written to.
@W [RTGEN-101] Port 'sparse_mm/b_y' has no fanin or fanout and is left dangling.
               Please use C simulation to confirm this function argument can be read from or written to.
@I [RTGEN-100] Generating core module 'sparse_mm_mul_31ns_32s_32_3': 1 instance(s).
@I [RTGEN-100] Generating core module 'sparse_mm_mul_32s_32s_32_3': 2 instance(s).
@I [RTGEN-100] Finished creating RTL model for 'sparse_mm'.
@I [HLS-100] Command 'create_rtl_model' returned 0; elapsed 0.01046Total elapsed time: 1.659 sec.
@I [HLS-111] Elapsed time: 0.039348 seconds; current memory usage: 56.5 MB.
@I [HLS-100] Command "source /home/drichmond/examples/sparse_mm/solution1/.autopilot/db/sparse_mm.rtl_wrap.cfg.tcl "
@I [HLS-100] Command 'ap_source' returned 0; elapsed 0.000365Total elapsed time: 1.660 sec.
@I [HLS-100] Command "gen_rtl sparse_mm -istop -style xilinx -tracefl mytrace -tracefmt vcd -traceopt all -f -lang sc -o /home/drichmond/examples/sparse_mm/solution1/syn/systemc/sparse_mm -synmodules sparse_mm "
@I [HLS-100] Command 'gen_rtl' returned 0; elapsed 0.001238Total elapsed time: 1.661 sec.
@I [HLS-100] Command "gen_rtl sparse_mm -istop -style xilinx -f -lang vhdl -o /home/drichmond/examples/sparse_mm/solution1/syn/vhdl/sparse_mm "
@I [HLS-100] Command 'gen_rtl' returned 0; elapsed 0.021455Total elapsed time: 1.683 sec.
@I [HLS-100] Command "gen_rtl sparse_mm -istop -style xilinx -f -lang vlog -o /home/drichmond/examples/sparse_mm/solution1/syn/verilog/sparse_mm "
@I [HLS-100] Command 'gen_rtl' returned 0; elapsed 0.008707Total elapsed time: 1.692 sec.
@I [HLS-100] Command "export_constraint_db -o /home/drichmond/examples/sparse_mm/solution1/.autopilot/db/sparse_mm.constraint.tcl -f -tool general "
@I [HLS-100] Command 'export_constraint_db' returned 0; elapsed 5.9e-05Total elapsed time: 1.692 sec.
@I [HLS-100] Command "report -model sparse_mm -o /home/drichmond/examples/sparse_mm/solution1/.autopilot/db/sparse_mm.design.xml -verbose -f -dv "
@I [HLS-100] Command 'report' returned 0; elapsed 0.016053Total elapsed time: 1.708 sec.
@I [HLS-100] Command "report -model sparse_mm -o /home/drichmond/examples/sparse_mm/solution1/.autopilot/db/sparse_mm.sdaccel.xml -verbose -f -sdaccel "
@I [HLS-100] Command 'report' returned 0; elapsed 0.024129Total elapsed time: 1.732 sec.
@I [HLS-100] Command "gen_tb_info sparse_mm -o /home/drichmond/examples/sparse_mm/solution1/.autopilot/db/sparse_mm -p /home/drichmond/examples/sparse_mm/solution1/.autopilot/db "
@I [HLS-100] Command 'gen_tb_info' returned 0; elapsed 0.000338Total elapsed time: 1.733 sec.
@I [HLS-100] Command "report -model sparse_mm -o /home/drichmond/examples/sparse_mm/solution1/syn/report/sparse_mm_csynth.rpt -f "
@I [HLS-100] Command 'report' returned 0; elapsed 0.009639Total elapsed time: 1.742 sec.
@I [HLS-100] Command "report -model sparse_mm -o /home/drichmond/examples/sparse_mm/solution1/syn/report/sparse_mm_csynth.xml -f -x "
@I [HLS-100] Command 'report' returned 0; elapsed 0.008201Total elapsed time: 1.751 sec.
@I [HLS-100] Command "report -model sparse_mm -o /home/drichmond/examples/sparse_mm/solution1/.autopilot/db/sparse_mm.verbose.rpt -verbose -f "
@I [HLS-100] Command 'report' returned 0; elapsed 0.033906Total elapsed time: 1.784 sec.
@I [HLS-100] Command "db_write -model sparse_mm -o /home/drichmond/examples/sparse_mm/solution1/.autopilot/db/sparse_mm.adb -f "
@I [HLS-100] Command 'db_write' returned 0; elapsed 0.011237Total elapsed time: 1.796 sec.
@I [HLS-100] Command "sc_get_clocks sparse_mm "
@I [HLS-100] Command 'sc_get_clocks' returned 0; elapsed 7e-06Total elapsed time: 1.804 sec.
@I [HLS-100] Command "sc_get_portdomain sparse_mm "
@I [HLS-100] Command 'sc_get_portdomain' returned 0; elapsed 3e-06Total elapsed time: 1.804 sec.
@I [HLS-0] Model list for RTL component generation: sparse_mm
@I [HLS-0] Handling components in module [sparse_mm] ... 
@I [HLS-100] Command "source /home/drichmond/examples/sparse_mm/solution1/.autopilot/db/sparse_mm.compgen.tcl "
@I [HLS-0] Found component sparse_mm_mul_32s_32s_32_3.
@I [HLS-0] Append model sparse_mm_mul_32s_32s_32_3
@I [HLS-0] Found component sparse_mm_mul_31ns_32s_32_3.
@I [HLS-0] Append model sparse_mm_mul_31ns_32s_32_3
@I [HLS-100] Command 'ap_source' returned 0; elapsed 0.000336Total elapsed time: 1.805 sec.
@I [HLS-0] Append model sparse_mm
@I [HLS-0] Generating RTL model list ...
@I [HLS-0] All models in this session: sparse_mm_mul_32s_32s_32_3 sparse_mm_mul_31ns_32s_32_3 sparse_mm
@I [HLS-0] To file: write model sparse_mm_mul_32s_32s_32_3
@I [HLS-0] To file: write model sparse_mm_mul_31ns_32s_32_3
@I [HLS-0] To file: write model sparse_mm
@I [HLS-0] Finished generating RTL model list.


@I [HLS-0] RTL Generation done.
@I [HLS-0] CAS Generation done.
@I [HLS-0] CBC Generation done.
@I [HLS-100] Command "export_ssdm /home/drichmond/examples/sparse_mm/solution1/.autopilot/db/a.export.ll "
@I [HLS-100] Command 'export_ssdm' returned 0; elapsed 0.000112Total elapsed time: 1.806 sec.
@I [HLS-100] Command "source /home/drichmond/examples/sparse_mm/solution1/.autopilot/db/global.setting.tcl "
@I [HLS-100] Command 'ap_source' returned 0; elapsed 0.00012Total elapsed time: 1.808 sec.
@I [HLS-100] Command "source /opt/Xilinx/Vivado_HLS/2015.4/common/technology/generic/autopilot/common.gen "
@I [HLS-100] Command "source /opt/Xilinx/Vivado_HLS/2015.4/common/technology/generic/autopilot/APCoreGen.gen "
@I [HLS-100] Command 'ap_source' returned 0; elapsed 0.000402Total elapsed time: 1.808 sec.
@I [HLS-100] Command 'ap_source' returned 0; elapsed 0.000761Total elapsed time: 1.809 sec.
@I [HLS-100] Command "source /opt/Xilinx/Vivado_HLS/2015.4/common/technology/generic/autopilot/op.gen "
@I [HLS-100] Command 'ap_source' returned 0; elapsed 0.000218Total elapsed time: 1.809 sec.
@I [HLS-100] Command "source /opt/Xilinx/Vivado_HLS/2015.4/common/technology/generic/autopilot/op_simcore.gen "
@I [HLS-100] Command 'ap_source' returned 0; elapsed 0.0006Total elapsed time: 1.810 sec.
@I [HLS-100] Command "source /opt/Xilinx/Vivado_HLS/2015.4/common/technology/generic/autopilot/interface.gen "
@I [HLS-100] Command 'ap_source' returned 0; elapsed 5.9e-05Total elapsed time: 1.810 sec.
@I [HLS-100] Command "source /home/drichmond/examples/sparse_mm/solution1/.autopilot/db/global.setting.tcl "
@I [HLS-100] Command 'ap_source' returned 0; elapsed 0.00011Total elapsed time: 1.810 sec.
@I [HLS-100] Command "source /opt/Xilinx/Vivado_HLS/2015.4/common/technology/xilinx/virtex7/virtex7.gen "
@I [HLS-100] Command "source /opt/Xilinx/Vivado_HLS/2015.4/common/technology/xilinx/common/virtex.gen "
@I [HLS-100] Command "source /opt/Xilinx/Vivado_HLS/2015.4/common/technology/xilinx/common/xilinx.gen "
@I [HLS-100] Command "source /opt/Xilinx/Vivado_HLS/2015.4/common/technology/xilinx/interface/plb46.gen "
@I [HLS-100] Command 'ap_source' returned 0; elapsed 0.00088Total elapsed time: 1.811 sec.
@I [HLS-100] Command "source /opt/Xilinx/Vivado_HLS/2015.4/common/technology/xilinx/interface/fsl.gen "
@I [HLS-100] Command 'ap_source' returned 0; elapsed 0.000317Total elapsed time: 1.812 sec.
@I [HLS-100] Command "source /opt/Xilinx/Vivado_HLS/2015.4/common/technology/xilinx/interface/axi4.gen "
@I [HLS-100] Command 'ap_source' returned 0; elapsed 0.001463Total elapsed time: 1.813 sec.
@I [HLS-100] Command "source /opt/Xilinx/Vivado_HLS/2015.4/common/technology/xilinx/interface/nativeAXI4.gen "
@I [HLS-100] Command "source /opt/Xilinx/Vivado_HLS/2015.4/common/technology/xilinx/interface/saxilite.gen "
@I [HLS-100] Command 'ap_source' returned 0; elapsed 0.002446Total elapsed time: 1.816 sec.
@I [HLS-100] Command "source /opt/Xilinx/Vivado_HLS/2015.4/common/technology/xilinx/interface/maxi.gen "
@I [HLS-100] Command 'ap_source' returned 0; elapsed 0.004884Total elapsed time: 1.820 sec.
@I [HLS-100] Command 'ap_source' returned 0; elapsed 0.007449Total elapsed time: 1.821 sec.
@I [HLS-100] Command "source /opt/Xilinx/Vivado_HLS/2015.4/common/technology/xilinx/scripts/xilinxcoregen.gen "
@I [HLS-100] Command 'ap_source' returned 0; elapsed 0.005755Total elapsed time: 1.826 sec.
@I [HLS-100] Command "source /opt/Xilinx/Vivado_HLS/2015.4/common/technology/xilinx/interface/XilEDKCoreGen.gen "
@I [HLS-100] Command 'ap_source' returned 0; elapsed 0.005484Total elapsed time: 1.832 sec.
@I [HLS-100] Command "source /opt/Xilinx/Vivado_HLS/2015.4/common/technology/xilinx/ip/dds_compiler.gen "
@I [HLS-100] Command 'ap_source' returned 0; elapsed 0.002374Total elapsed time: 1.834 sec.
@I [HLS-100] Command "source /opt/Xilinx/Vivado_HLS/2015.4/common/technology/xilinx/ip/xfir.gen "
@I [HLS-100] Command 'ap_source' returned 0; elapsed 0.022096Total elapsed time: 1.856 sec.
@I [HLS-100] Command "source /opt/Xilinx/Vivado_HLS/2015.4/common/technology/xilinx/ip/xfft.gen "
@I [HLS-100] Command 'ap_source' returned 0; elapsed 0.071305Total elapsed time: 1.928 sec.
@I [HLS-100] Command "source /opt/Xilinx/Vivado_HLS/2015.4/common/technology/xilinx/ip/util.gen "
@I [HLS-100] Command 'ap_source' returned 0; elapsed 0.000143Total elapsed time: 1.928 sec.
@I [HLS-100] Command 'ap_source' returned 0; elapsed 0.11781Total elapsed time: 1.928 sec.
@I [HLS-100] Command "source /opt/Xilinx/Vivado_HLS/2015.4/common/technology/xilinx/common/dsp48.gen "
@I [HLS-100] Command 'ap_source' returned 0; elapsed 0.000104Total elapsed time: 1.929 sec.
@I [HLS-100] Command 'ap_source' returned 0; elapsed 0.1192Total elapsed time: 1.929 sec.
@I [HLS-100] Command 'ap_source' returned 0; elapsed 0.119292Total elapsed time: 1.929 sec.
@I [HLS-100] Command "source /opt/Xilinx/Vivado_HLS/2015.4/common/technology/xilinx/virtex7/virtex7_fpv6.gen "
@I [HLS-100] Command "source /opt/Xilinx/Vivado_HLS/2015.4/common/technology/xilinx/common/xilinx_fpv6.gen "
@I [HLS-100] Command 'ap_source' returned 0; elapsed 0.001089Total elapsed time: 1.930 sec.
@I [HLS-100] Command 'ap_source' returned 0; elapsed 0.001182Total elapsed time: 1.930 sec.
@I [HLS-100] Command "source /home/drichmond/examples/sparse_mm/solution1/.autopilot/db/global.setting.tcl "
@I [HLS-100] Command 'ap_source' returned 0; elapsed 0.000116Total elapsed time: 1.931 sec.
@I [HLS-100] Command "source /home/drichmond/examples/sparse_mm/solution1/.autopilot/db/global.setting.tcl "
@I [HLS-100] Command 'ap_source' returned 0; elapsed 0.000108Total elapsed time: 1.931 sec.
@I [HLS-100] Command "source /home/drichmond/examples/sparse_mm/solution1/.autopilot/db/global.setting.tcl "
@I [HLS-100] Command 'ap_source' returned 0; elapsed 0.000104Total elapsed time: 1.932 sec.
@I [HLS-100] Command "source /home/drichmond/examples/sparse_mm/solution1/.autopilot/db/global.setting.tcl "
@I [HLS-100] Command 'ap_source' returned 0; elapsed 0.0001Total elapsed time: 1.932 sec.
@I [HLS-100] Command "source /home/drichmond/examples/sparse_mm/solution1/.autopilot/db/sparse_mm.compgen.tcl "
@I [RTMG-282] Generating pipelined core: 'sparse_mm_mul_32s_32s_32_3_Mul3S_0'
@I [RTMG-282] Generating pipelined core: 'sparse_mm_mul_31ns_32s_32_3_Mul3S_1'
@I [HLS-100] Command 'ap_source' returned 0; elapsed 0.02248Total elapsed time: 1.954 sec.
@I [HLS-10] Finished generating all RTL models.
@0 [HLS-0] Finished generating all RTL models.
@I [WSYSC-301] Generating RTL SystemC for 'sparse_mm'.
@I [WVHDL-304] Generating RTL VHDL for 'sparse_mm'.
@I [WVLOG-307] Generating RTL Verilog for 'sparse_mm'.
@I [HLS-100] Command 'autosyn' returned 0; elapsed 0.420386Total elapsed time: 1.958 sec.
@I [HLS-100] Command 'csynth_design' returned 0; elapsed 0.624469Total elapsed time: 1.958 sec.
@I [HLS-100] Command 'ap_source' returned 0; elapsed 0.798012Total elapsed time: 1.958 sec.
@I [HLS-100] Command "cleanup_all "
@I [HLS-100] Command 'cleanup_all' returned 0; elapsed 0.001847Total elapsed time: 1.960 sec.
